<?xml version="1.0" encoding="UTF-8"?>
<!-- Generated by org.testng.reporters.JUnitXMLReporter -->
<testsuite ignored="1" hostname="DESKTOP-2AMNJBK" failures="0" tests="10" name="Test" time="0.176" errors="0" timestamp="04 Oct 2020 12:02:58 GMT">
  <testcase classname="TestNg.day2basic" name="demo" time="0.022"/>
  <testcase classname="TestNg.coreFeatures" name="Transfer" time="0.004"/>
  <testcase classname="TestNg.coreFeatures" name="login" time="0.003"/>
  <testcase classname="TestNg.coreFeatures" name="logout" time="0.01"/>
  <testcase classname="TestNg.loans" name="home_loan" time="0.007"/>
  <testcase classname="TestNg.loans" name="mortgae_loan" time="0.015"/>
  <testcase classname="TestNg.loans" name="personal_loan" time="0.004"/>
  <testcase classname="TestNg.day1basic" name="demo" time="0.005"/>
  <testcase classname="TestNg.Insurances" name="insurancePersonal" time="0.003"/>
  <testcase classname="TestNg.Insurances" name="insuranceVehicle" time="0.003"/>
  <testcase classname="TestNg.Insurances" name="insuranceHealth" time="0.0">
    <ignored/>
  </testcase> <!-- insuranceHealth -->
</testsuite> <!-- Test -->
